[debug] [2026-03-25T14:33:23.447Z] ----------------------------------------------------------------------
[debug] [2026-03-25T14:33:23.450Z] Command:       /home/hugo/.config/nvm/versions/node/v24.13.1/bin/node /home/hugo/.config/nvm/versions/node/v24.13.1/bin/firebase init
[debug] [2026-03-25T14:33:23.450Z] CLI Version:   15.11.0
[debug] [2026-03-25T14:33:23.450Z] Platform:      linux
[debug] [2026-03-25T14:33:23.450Z] Node Version:  v24.13.1
[debug] [2026-03-25T14:33:23.450Z] Time:          Wed Mar 25 2026 15:33:23 GMT+0100 (hora estándar de Europa central)
[debug] [2026-03-25T14:33:23.451Z] ----------------------------------------------------------------------
[debug] 
[info] 
     ######## #### ########  ######## ########     ###     ######  ########
     ##        ##  ##     ## ##       ##     ##  ##   ##  ##       ##
     ######    ##  ########  ######   ########  #########  ######  ######
     ##        ##  ##    ##  ##       ##     ## ##     ##       ## ##
     ##       #### ##     ## ######## ########  ##     ##  ######  ########

You're about to initialize a Firebase project in this directory:

  /home/hugo/starter-project

[debug] [2026-03-25T14:33:45.481Z] ExitPromptError: User force closed the prompt with SIGINT
    at Interface.sigint (/home/hugo/.config/nvm/versions/node/v24.13.1/lib/node_modules/firebase-tools/node_modules/@inquirer/core/dist/commonjs/lib/create-prompt.js:101:37)
    at Interface.emit (node:events:508:28)
    at [_ttyWrite] [as _ttyWrite] (node:internal/readline/interface:1327:18)
    at ReadStream.onkeypress (node:internal/readline/interface:284:20)
    at ReadStream.emit (node:events:520:35)
    at emitKeys (node:internal/readline/utils:371:14)
    at emitKeys.next (<anonymous>)
    at ReadStream.onData (node:internal/readline/emitKeypressEvents:64:36)
    at ReadStream.emit (node:events:508:28)
    at addChunk (node:internal/streams/readable:559:12)
[error] 
[error] Error: An unexpected error has occurred.
